# JRE version: Java(TM) SE Runtime Environment (8.0_161-b12) (build 1.8.0_161-b12)
# Java VM: Java HotSpot(TM) Client VM (25.161-b12 mixed mode, sharing windows-x86 )
Heap:
 def new generation   total 4928K, used 1513K [0x05400000, 0x05950000, 0x0a950000)
  eden space 4416K,  27% used [0x05400000, 0x0552b0d0, 0x05850000)
  from space 512K,  61% used [0x05850000, 0x0589f4c0, 0x058d0000)
  to   space 512K,   0% used [0x058d0000, 0x058d0000, 0x05950000)
 tenured generation   total 10944K, used 1521K [0x0a950000, 0x0b400000, 0x15400000)
   the space 10944K,  13% used [0x0a950000, 0x0aacc660, 0x0aacc800, 0x0b400000)
 Metaspace       used 2330K, capacity 4222K, committed 4288K, reserved 4480K
GC Heap History (4 events):
Event: 0.393 GC heap before
{Heap before GC invocations=0 (full 0):
 def new generation   total 4928K, used 4416K [0x05400000, 0x05950000, 0x0a950000)
  eden space 4416K, 100% used [0x05400000, 0x05850000, 0x05850000)
  from space 512K,   0% used [0x05850000, 0x05850000, 0x058d0000)
  to   space 512K,   0% used [0x058d0000, 0x058d0000, 0x05950000)
 tenured generation   total 10944K, used 0K [0x0a950000, 0x0b400000, 0x15400000)
   the space 10944K,   0% used [0x0a950000, 0x0a950000, 0x0a950200, 0x0b400000)
 Metaspace       used 899K, capacity 2919K, committed 3008K, reserved 4480K
Event: 0.397 GC heap after
Heap after GC invocations=1 (full 0):
 def new generation   total 4928K, used 512K [0x05400000, 0x05950000, 0x0a950000)
  eden space 4416K,   0% used [0x05400000, 0x05400000, 0x05850000)
  from space 512K, 100% used [0x058d0000, 0x05950000, 0x05950000)
  to   space 512K,   0% used [0x05850000, 0x05850000, 0x058d0000)
 tenured generation   total 10944K, used 563K [0x0a950000, 0x0b400000, 0x15400000)
   the space 10944K,   5% used [0x0a950000, 0x0a9dcfb0, 0x0a9dd000, 0x0b400000)
 Metaspace       used 899K, capacity 2919K, committed 3008K, reserved 4480K
}
Event: 0.537 GC heap before
{Heap before GC invocations=1 (full 0):
 def new generation   total 4928K, used 4909K [0x05400000, 0x05950000, 0x0a950000)
  eden space 4416K,  99% used [0x05400000, 0x0584b608, 0x05850000)
  from space 512K, 100% used [0x058d0000, 0x05950000, 0x05950000)
  to   space 512K,   0% used [0x05850000, 0x05850000, 0x058d0000)
 tenured generation   total 10944K, used 563K [0x0a950000, 0x0b400000, 0x15400000)
   the space 10944K,   5% used [0x0a950000, 0x0a9dcfb0, 0x0a9dd000, 0x0b400000)
 Metaspace       used 2038K, capacity 4086K, committed 4160K, reserved 4480K
Event: 0.540 GC heap after
Heap after GC invocations=2 (full 0):
 def new generation   total 4928K, used 317K [0x05400000, 0x05950000, 0x0a950000)
  eden space 4416K,   0% used [0x05400000, 0x05400000, 0x05850000)
  from space 512K,  61% used [0x05850000, 0x0589f4c0, 0x058d0000)
  to   space 512K,   0% used [0x058d0000, 0x058d0000, 0x05950000)
 tenured generation   total 10944K, used 1521K [0x0a950000, 0x0b400000, 0x15400000)
   the space 10944K,  13% used [0x0a950000, 0x0aacc660, 0x0aacc800, 0x0b400000)
 Metaspace       used 2038K, capacity 4086K, committed 4160K, reserved 4480K
}

