# JRE version: Java(TM) SE Runtime Environment (8.0_161-b12) (build 1.8.0_161-b12)
# Java VM: Java HotSpot(TM) Client VM (25.161-b12 mixed mode, sharing windows-x86 )
Heap:
 def new generation   total 4928K, used 1509K [0x05400000, 0x05950000, 0x0a950000)
  eden space 4416K,  26% used [0x05400000, 0x0551f628, 0x05850000)
  from space 512K,  70% used [0x05850000, 0x058a9de8, 0x058d0000)
  to   space 512K,   0% used [0x058d0000, 0x058d0000, 0x05950000)
 tenured generation   total 10944K, used 1523K [0x0a950000, 0x0b400000, 0x15400000)
   the space 10944K,  13% used [0x0a950000, 0x0aaccd70, 0x0aacce00, 0x0b400000)
 Metaspace       used 2330K, capacity 4222K, committed 4288K, reserved 4480K
GC Heap History (4 events):
Event: 0.407 GC heap before
{Heap before GC invocations=0 (full 0):
 def new generation   total 4928K, used 4416K [0x05400000, 0x05950000, 0x0a950000)
  eden space 4416K, 100% used [0x05400000, 0x05850000, 0x05850000)
  from space 512K,   0% used [0x05850000, 0x05850000, 0x058d0000)
  to   space 512K,   0% used [0x058d0000, 0x058d0000, 0x05950000)
 tenured generation   total 10944K, used 0K [0x0a950000, 0x0b400000, 0x15400000)
   the space 10944K,   0% used [0x0a950000, 0x0a950000, 0x0a950200, 0x0b400000)
 Metaspace       used 906K, capacity 2951K, committed 3008K, reserved 4480K
Event: 0.410 GC heap after
Heap after GC invocations=1 (full 0):
 def new generation   total 4928K, used 512K [0x05400000, 0x05950000, 0x0a950000)
  eden space 4416K,   0% used [0x05400000, 0x05400000, 0x05850000)
  from space 512K, 100% used [0x058d0000, 0x05950000, 0x05950000)
  to   space 512K,   0% used [0x05850000, 0x05850000, 0x058d0000)
 tenured generation   total 10944K, used 566K [0x0a950000, 0x0b400000, 0x15400000)
   the space 10944K,   5% used [0x0a950000, 0x0a9ddaf8, 0x0a9ddc00, 0x0b400000)
 Metaspace       used 906K, capacity 2951K, committed 3008K, reserved 4480K
}
Event: 0.547 GC heap before
{Heap before GC invocations=1 (full 0):
 def new generation   total 4928K, used 4917K [0x05400000, 0x05950000, 0x0a950000)
  eden space 4416K,  99% used [0x05400000, 0x0584d758, 0x05850000)
  from space 512K, 100% used [0x058d0000, 0x05950000, 0x05950000)
  to   space 512K,   0% used [0x05850000, 0x05850000, 0x058d0000)
 tenured generation   total 10944K, used 566K [0x0a950000, 0x0b400000, 0x15400000)
   the space 10944K,   5% used [0x0a950000, 0x0a9ddaf8, 0x0a9ddc00, 0x0b400000)
 Metaspace       used 2039K, capacity 4086K, committed 4160K, reserved 4480K
Event: 0.550 GC heap after
Heap after GC invocations=2 (full 0):
 def new generation   total 4928K, used 359K [0x05400000, 0x05950000, 0x0a950000)
  eden space 4416K,   0% used [0x05400000, 0x05400000, 0x05850000)
  from space 512K,  70% used [0x05850000, 0x058a9de8, 0x058d0000)
  to   space 512K,   0% used [0x058d0000, 0x058d0000, 0x05950000)
 tenured generation   total 10944K, used 1523K [0x0a950000, 0x0b400000, 0x15400000)
   the space 10944K,  13% used [0x0a950000, 0x0aaccd70, 0x0aacce00, 0x0b400000)
 Metaspace       used 2039K, capacity 4086K, committed 4160K, reserved 4480K
}

